This is pdfTeX, Version 3.1415926-2.4-1.40.13 (TeX Live 2012/Debian) (format=pdflatex 2012.6.28)  13 JUL 2012 15:34
entering extended mode
 restricted \write18 enabled.
 %&-line parsing enabled.
**\input inl-report.tex
(./inl-report.tex (./elsart.cls
Document Class: elsart 2007/08/16, 2.20: Elsevier
\@frontmatterwidth=\dimen102
\@bls=\dimen103
\eqntopsep=\skip41
\eqnarraycolsep=\dimen104
\labelwidthi=\dimen105
\labelwidthii=\dimen106
\labelwidthiii=\dimen107
\labelwidthiv=\dimen108
\@maxlistdepth=\count79
\eqnbaselineskip=\skip42
\eqnlineskip=\skip43
\mathindent=\dimen109
\rulepreskip=\dimen110
\rulepostskip=\dimen111
\c@section=\count80
\c@subsection=\count81
\c@subsubsection=\count82
\c@paragraph=\count83
\c@subparagraph=\count84
(/usr/share/texlive/texmf-dist/tex/latex/base/latexsym.sty
Package: latexsym 1998/08/17 v2.2e Standard LaTeX package (lasy symbols)
\symlasy=\mathgroup4
LaTeX Font Info:    Overwriting symbol font `lasy' in version `bold'
(Font)                  U/lasy/m/n --> U/lasy/b/n on input line 47.
)
\c@thm=\count85
\c@alg=\count86
\c@algorithm=\count87
\c@note=\count88
\c@summ=\count89
\c@case=\count90
\@tempcntc=\count91
\c@figure=\count92
\c@table=\count93
\t@glob@notes=\toks14
\t@loc@notes=\toks15
\note@cnt=\count94
\corauth@text=\toks16
\email@text=\toks17
\url@text=\toks18
\c@corauth=\count95
\c@author=\count96
\n@author=\count97
\c@collab=\count98
\n@collab=\count99
\c@address=\count100
\sv@mathsurround=\dimen112
\sv@hyphenpenalty=\count101
\prev@elem=\count102
\cur@elem=\count103
\fm@box=\box26
\fm@size=\dimen113
\t@abstract=\box27
\t@keyword=\box28
\t@xtheight=\dimen114
\@logoheight=\dimen115
\@pubyear=\count104
\c@firstpage=\count105
\c@lastpage=\count106
\slashbox=\box29
LaTeX Font Info:    External font `cmex10' loaded for size
(Font)              <12> on input line 1415.
LaTeX Font Info:    External font `cmex10' loaded for size
(Font)              <8> on input line 1415.
LaTeX Font Info:    External font `cmex10' loaded for size
(Font)              <6> on input line 1415.
LaTeX Font Info:    Try loading font information for U+lasy on input line 1415.


(/usr/share/texlive/texmf-dist/tex/latex/base/ulasy.fd
File: ulasy.fd 1998/08/17 v2.2e LaTeX symbol font definitions
)
\Slashbox=\box30
LaTeX Font Info:    External font `cmex10' loaded for size
(Font)              <14.4> on input line 1416.
LaTeX Font Info:    External font `cmex10' loaded for size
(Font)              <7> on input line 1416.
)
(/usr/share/texlive/texmf-dist/tex/latex/tools/array.sty
Package: array 2008/09/09 v2.4c Tabular extension package (FMi)
\col@sep=\dimen116
\extrarowheight=\dimen117
\NC@list=\toks19
\extratabsurround=\skip44
\backup@length=\skip45
)
(/usr/share/texlive/texmf-dist/tex/latex/graphics/color.sty
Package: color 2005/11/14 v1.0j Standard LaTeX Color (DPC)

(/usr/share/texlive/texmf-dist/tex/latex/latexconfig/color.cfg
File: color.cfg 2007/01/18 v1.5 color configuration of teTeX/TeXLive
)
Package color Info: Driver file: pdftex.def on input line 130.

(/usr/share/texlive/texmf-dist/tex/latex/pdftex-def/pdftex.def
File: pdftex.def 2011/05/27 v0.06d Graphics/color for pdfTeX

(/usr/share/texlive/texmf-dist/tex/generic/oberdiek/infwarerr.sty
Package: infwarerr 2010/04/08 v1.3 Providing info/warning/error messages (HO)
)
(/usr/share/texlive/texmf-dist/tex/generic/oberdiek/ltxcmds.sty
Package: ltxcmds 2011/11/09 v1.22 LaTeX kernel commands for general use (HO)
)
\Gread@gobject=\count107
))
(/usr/share/texlive/texmf-dist/tex/latex/cite/cite.sty
LaTeX Info: Redefining \cite on input line 302.
LaTeX Info: Redefining \nocite on input line 373.
Package: cite 2010/09/10  v 5.3
)
(/usr/share/texlive/texmf-dist/tex/latex/url/url.sty
\Urlmuskip=\muskip10
Package: url 2006/04/12  ver 3.3  Verb mode for urls, etc.
)
(/usr/share/texlive/texmf-dist/tex/latex/graphics/epsfig.sty
Package: epsfig 1999/02/16 v1.7a (e)psfig emulation (SPQR)

(/usr/share/texlive/texmf-dist/tex/latex/graphics/graphicx.sty
Package: graphicx 1999/02/16 v1.0f Enhanced LaTeX Graphics (DPC,SPQR)

(/usr/share/texlive/texmf-dist/tex/latex/graphics/keyval.sty
Package: keyval 1999/03/16 v1.13 key=value parser (DPC)
\KV@toks@=\toks20
)
(/usr/share/texlive/texmf-dist/tex/latex/graphics/graphics.sty
Package: graphics 2009/02/05 v1.0o Standard LaTeX Graphics (DPC,SPQR)

(/usr/share/texlive/texmf-dist/tex/latex/graphics/trig.sty
Package: trig 1999/03/16 v1.09 sin cos tan (DPC)
)
(/usr/share/texlive/texmf-dist/tex/latex/latexconfig/graphics.cfg
File: graphics.cfg 2010/04/23 v1.9 graphics configuration of TeX Live
)
Package graphics Info: Driver file: pdftex.def on input line 91.
)
\Gin@req@height=\dimen118
\Gin@req@width=\dimen119
)
\epsfxsize=\dimen120
\epsfysize=\dimen121
)
(/usr/share/texlive/texmf-dist/tex/latex/psfrag/psfrag.sty
Package: psfrag 1998/04/11 v3.04 PSfrag (MCG)
\pfg@pcount=\count108
\pfg@scount=\count109
\pfg@temp=\write3
)
(/usr/share/texlive/texmf-dist/tex/latex/pstricks/pstricks.sty
Package: pstricks 2011/10/31 v0.52 LaTeX wrapper for `PSTricks' (RN,HV)

(/usr/share/texlive/texmf-dist/tex/generic/pstricks/pstricks.tex
(/usr/share/texlive/texmf-dist/tex/generic/xkeyval/pst-xkey.tex
File: pst-xkey.tex 2005/11/25 v1.6 PSTricks specialization of xkeyval (HA)

(/usr/share/texlive/texmf-dist/tex/latex/xkeyval/xkeyval.sty
Package: xkeyval 2008/08/13 v2.6a package option processing (HA)

(/usr/share/texlive/texmf-dist/tex/generic/xkeyval/xkeyval.tex
\XKV@toks=\toks21
\XKV@tempa@toks=\toks22
\XKV@depth=\count110
File: xkeyval.tex 2008/08/13 v2.6a key=value parser (HA)
)))
(/usr/share/texlive/texmf-dist/tex/generic/pstricks/pst-fp.tex
`pst-fp' v0.05, 2010/01/17 (hv)
\pstFP@xs=\count111
\pstFP@xia=\count112
\pstFP@xib=\count113
\pstFP@xfa=\count114
\pstFP@xfb=\count115
\pstFP@rega=\count116
\pstFP@regb=\count117
\pstFP@regs=\count118
\pstFP@times=\count119
)
\psLoopIndex=\count120

`PSTricks' v2.29  <2012/06/04> (tvz)
\pst@dima=\dimen122
\pst@dimb=\dimen123
\pst@dimc=\dimen124
\pst@dimd=\dimen125
\pst@dimg=\dimen126
\pst@dimh=\dimen127
\pst@dimm=\dimen128
\pst@dimn=\dimen129
\pst@dimo=\dimen130
\pst@dimp=\dimen131
\pst@hbox=\box31
\pst@ibox=\box32
\pst@boxg=\box33
\pst@cnta=\count121
\pst@cntb=\count122
\pst@cntc=\count123
\pst@cntd=\count124
\pst@cntg=\count125
\pst@cnth=\count126
\pst@cntm=\count127
\pst@cntn=\count128
\pst@cnto=\count129
\pst@cntp=\count130
\@zero=\count131
\pst@toks=\toks23
(/usr/share/texlive/texmf-dist/tex/generic/pstricks/pstricks.con)
\psunit=\dimen132
\psxunit=\dimen133
\psyunit=\dimen134
\pst@C@@rType=\count132
\pslinewidth=\dimen135
\psk@startLW=\dimen136
\psk@endLW=\dimen137
\pst@customdefs=\toks24
\pslinearc=\dimen138
\pst@symbolStep=\dimen139
\pst@symbolWidth=\dimen140
\pst@symbolLinewidth=\dimen141
\everypsbox=\toks25
\psframesep=\dimen142
\pslabelsep=\dimen143
\pst@shift=\dimen144
\theoverlaybox=\box34
)
File: pstricks.tex 2012/06/04 v2.29 `PSTricks' (tvz,hv)

(/usr/share/texlive/texmf-dist/tex/generic/pstricks/pst-fp.tex)
File: pst-fp.tex 2012/06/04 v2.29 `PST-fp' (hv)

(/usr/share/texmf/tex/latex/xcolor/xcolor.sty
Package: xcolor 2007/01/21 v2.11 LaTeX color extensions (UK)

(/usr/share/texlive/texmf-dist/tex/latex/latexconfig/color.cfg
File: color.cfg 2007/01/18 v1.5 color configuration of teTeX/TeXLive
)
Package xcolor Info: Driver file: pdftex.def on input line 225.
LaTeX Info: Redefining \color on input line 702.
Package xcolor Info: Model `cmy' substituted by `cmy0' on input line 1337.
Package xcolor Info: Model `hsb' substituted by `rgb' on input line 1341.
Package xcolor Info: Model `RGB' extended on input line 1353.
Package xcolor Info: Model `HTML' substituted by `rgb' on input line 1355.
Package xcolor Info: Model `Hsb' substituted by `hsb' on input line 1356.
Package xcolor Info: Model `tHsb' substituted by `hsb' on input line 1357.
Package xcolor Info: Model `HSB' substituted by `hsb' on input line 1358.
Package xcolor Info: Model `Gray' substituted by `gray' on input line 1359.
Package xcolor Info: Model `wave' substituted by `hsb' on input line 1360.
))
(./acronym.sty
Package: acronym 2009/01/25 v1.34 Support for acronyms (Tobias Oetiker)
 (./suffix.sty
Package: suffix 2006/07/15 1.5 Variant command support
)
\AC@clearlist=\toks26
) (./subfigure.sty
Package: subfigure 2002/03/15 v2.1.5 subfigure package
\subfigtopskip=\skip46
\subfigcapskip=\skip47
\subfigcaptopadj=\dimen145
\subfigbottomskip=\skip48
\subfigcapmargin=\dimen146
\subfiglabelskip=\skip49
\c@subfigure=\count133
\c@lofdepth=\count134
\c@subtable=\count135
\c@lotdepth=\count136

****************************************
* Local config file subfigure.cfg used *
****************************************
(/usr/share/texlive/texmf-dist/tex/latex/subfigure/subfigure.cfg)
\subfig@top=\skip50
\subfig@bottom=\skip51
) (./units.sty
Package: units 1998/08/04 v0.9b Typesetting units
(/usr/share/texlive/texmf-dist/tex/latex/base/ifthen.sty
Package: ifthen 2001/05/26 v1.1c Standard LaTeX ifthen package (DPC)
)
(/usr/share/texlive/texmf-dist/tex/latex/units/nicefrac.sty
Package: nicefrac 1998/08/04 v0.9b Nice fractions
\L@UnitsRaiseDisplaystyle=\skip52
\L@UnitsRaiseTextstyle=\skip53
\L@UnitsRaiseScriptstyle=\skip54
))
(/usr/share/texlive/texmf-dist/tex/latex/amsmath/amsmath.sty
Package: amsmath 2000/07/18 v2.13 AMS math features
\@mathmargin=\skip55

For additional information on amsmath, use the `?' option.
(/usr/share/texlive/texmf-dist/tex/latex/amsmath/amstext.sty
Package: amstext 2000/06/29 v2.01

(/usr/share/texlive/texmf-dist/tex/latex/amsmath/amsgen.sty
File: amsgen.sty 1999/11/30 v2.0
\@emptytoks=\toks27
\ex@=\dimen147
))
(/usr/share/texlive/texmf-dist/tex/latex/amsmath/amsbsy.sty
Package: amsbsy 1999/11/29 v1.2d
\pmbraise@=\dimen148
)
(/usr/share/texlive/texmf-dist/tex/latex/amsmath/amsopn.sty
Package: amsopn 1999/12/14 v2.01 operator names
LaTeX Info: Redefining \operatorname on input line 58.
)
\inf@bad=\count137
LaTeX Info: Redefining \frac on input line 211.
\uproot@=\count138
\leftroot@=\count139
LaTeX Info: Redefining \overline on input line 307.
\classnum@=\count140
\DOTSCASE@=\count141
LaTeX Info: Redefining \ldots on input line 379.
LaTeX Info: Redefining \dots on input line 382.
LaTeX Info: Redefining \cdots on input line 467.
\Mathstrutbox@=\box35
\strutbox@=\box36
\big@size=\dimen149
LaTeX Font Info:    Redeclaring font encoding OML on input line 567.
LaTeX Font Info:    Redeclaring font encoding OMS on input line 568.
\macc@depth=\count142
\c@MaxMatrixCols=\count143
\dotsspace@=\muskip11
\c@parentequation=\count144
\dspbrk@lvl=\count145
\tag@help=\toks28
\row@=\count146
\column@=\count147
\maxfields@=\count148
\andhelp@=\toks29
\eqnshift@=\dimen150
\alignsep@=\dimen151
\tagshift@=\dimen152
\tagwidth@=\dimen153
\totwidth@=\dimen154
\lineht@=\dimen155
\@envbody=\toks30
\multlinegap=\skip56
\multlinetaggap=\skip57
\mathdisplay@stack=\toks31
LaTeX Info: Redefining \[ on input line 2666.
LaTeX Info: Redefining \] on input line 2667.
) (./vmargin.sty
Package: vmargin 2004/07/15 V2.5 set document margins (VK)

Package: vmargin 2004/07/15 V2.5 set document margins (VK)
\PaperWidth=\dimen156
\PaperHeight=\dimen157
) (./qjh-acronym.tex) (./inl-report.aux

LaTeX Warning: Label `fig:biomass' multiply defined.

)
\openout1 = `inl-report.aux'.

LaTeX Font Info:    Checking defaults for OML/cmm/m/it on input line 39.
LaTeX Font Info:    ... okay on input line 39.
LaTeX Font Info:    Checking defaults for T1/cmr/m/n on input line 39.
LaTeX Font Info:    ... okay on input line 39.
LaTeX Font Info:    Checking defaults for OT1/cmr/m/n on input line 39.
LaTeX Font Info:    ... okay on input line 39.
LaTeX Font Info:    Checking defaults for OMS/cmsy/m/n on input line 39.
LaTeX Font Info:    ... okay on input line 39.
LaTeX Font Info:    Checking defaults for OMX/cmex/m/n on input line 39.
LaTeX Font Info:    ... okay on input line 39.
LaTeX Font Info:    Checking defaults for U/cmr/m/n on input line 39.
LaTeX Font Info:    ... okay on input line 39.
 (/usr/share/texlive/texmf-dist/tex/context/base/supp-pdf.mkii
[Loading MPS to PDF converter (version 2006.09.02).]
\scratchcounter=\count149
\scratchdimen=\dimen158
\scratchbox=\box37
\nofMPsegments=\count150
\nofMParguments=\count151
\everyMPshowfont=\toks32
\MPscratchCnt=\count152
\MPscratchDim=\dimen159
\MPnumerator=\count153
\makeMPintoPDFobject=\count154
\everyMPtoPDFconversion=\toks33
) (/usr/share/texlive/texmf-dist/tex/generic/oberdiek/pdftexcmds.sty
Package: pdftexcmds 2011/11/29 v0.20 Utility functions of pdfTeX for LuaTeX (HO
)

(/usr/share/texlive/texmf-dist/tex/generic/oberdiek/ifluatex.sty
Package: ifluatex 2010/03/01 v1.3 Provides the ifluatex switch (HO)
Package ifluatex Info: LuaTeX not detected.
)
(/usr/share/texlive/texmf-dist/tex/generic/oberdiek/ifpdf.sty
Package: ifpdf 2011/01/30 v2.3 Provides the ifpdf switch (HO)
Package ifpdf Info: pdfTeX in PDF mode is detected.
)
Package pdftexcmds Info: LuaTeX not detected.
Package pdftexcmds Info: \pdf@primitive is available.
Package pdftexcmds Info: \pdf@ifprimitive is available.
Package pdftexcmds Info: \pdfdraftmode found.
)
(/usr/share/texlive/texmf-dist/tex/latex/oberdiek/epstopdf-base.sty
Package: epstopdf-base 2010/02/09 v2.5 Base part for package epstopdf

(/usr/share/texlive/texmf-dist/tex/latex/oberdiek/grfext.sty
Package: grfext 2010/08/19 v1.1 Manage graphics extensions (HO)

(/usr/share/texlive/texmf-dist/tex/generic/oberdiek/kvdefinekeys.sty
Package: kvdefinekeys 2011/04/07 v1.3 Define keys (HO)
))
(/usr/share/texlive/texmf-dist/tex/latex/oberdiek/kvoptions.sty
Package: kvoptions 2011/06/30 v3.11 Key value format for package options (HO)

(/usr/share/texlive/texmf-dist/tex/generic/oberdiek/kvsetkeys.sty
Package: kvsetkeys 2012/04/25 v1.16 Key value parser (HO)

(/usr/share/texlive/texmf-dist/tex/generic/oberdiek/etexcmds.sty
Package: etexcmds 2011/02/16 v1.5 Avoid name clashes with e-TeX commands (HO)
Package etexcmds Info: Could not find \expanded.
(etexcmds)             That can mean that you are not using pdfTeX 1.50 or
(etexcmds)             that some package has redefined \expanded.
(etexcmds)             In the latter case, load this package earlier.
)))
Package grfext Info: Graphics extension search list:
(grfext)             [.png,.pdf,.jpg,.mps,.jpeg,.jbig2,.jb2,.PNG,.PDF,.JPG,.JPE
G,.JBIG2,.JB2,.eps]
(grfext)             \AppendGraphicsExtensions on input line 452.

(/usr/share/texlive/texmf-dist/tex/latex/latexconfig/epstopdf-sys.cfg
File: epstopdf-sys.cfg 2010/07/13 v1.3 Configuration of (r)epstopdf for TeX Liv
e
))
Package acronym Info: Label `acro:INL' newly defined as it shall be overridden
although it is yet undefined on input line 55.
Package acronym Info: Label `acro:GIS' newly defined as it shall be overridden
although it is yet undefined on input line 58.
\c@sv@footnote=\count155

[1
Non-PDF special ignored!
Non-PDF special ignored!
Non-PDF special ignored!
Non-PDF special ignored!
Non-PDF special ignored!
Non-PDF special ignored!
Non-PDF special ignored!{/var/lib/texmf/fonts/map/pdftex/updmap/pdftex.map}]
Underfull \vbox (badness 10000) has occurred while \output is active []

 [2]
<iowa/crops_iowa.png, id=17, 614.50148pt x 794.97pt>
File: iowa/crops_iowa.png Graphic file (type png)
 <use iowa/crops_iowa.png>
Package pdftex.def Info: iowa/crops_iowa.png used on input line 233.
(pdftex.def)             Requested size: 211.38832pt x 273.46436pt.

<iowa/ssurgo_iowa.png, id=18, 614.50148pt x 794.97pt>
File: iowa/ssurgo_iowa.png Graphic file (type png)

<use iowa/ssurgo_iowa.png>
Package pdftex.def Info: iowa/ssurgo_iowa.png used on input line 237.
(pdftex.def)             Requested size: 211.38832pt x 273.46436pt.
Package acronym Info: Label `acro:GAMS' newly defined as it shall be overridden

although it is yet undefined on input line 247.
 [3 <./iowa/crops_iowa.png (PNG copy)> <./iowa/ssurgo_iowa.png (PNG copy)>] <io
wa/maps.png, id=22, 694.69537pt x 550.15538pt>
File: iowa/maps.png Graphic file (type png)

<use iowa/maps.png>
Package pdftex.def Info: iowa/maps.png used on input line 371.
(pdftex.def)             Requested size: 352.31625pt x 279.01411pt.
 [4 <./iowa/maps.png (PNG copy)>]
<iowa/pfarms.png, id=26, 794.97pt x 614.50148pt>
File: iowa/pfarms.png Graphic file (type png)
 <use iowa/pfarms.png>
Package pdftex.def Info: iowa/pfarms.png used on input line 419.
(pdftex.def)             Requested size: 211.38832pt x 163.39532pt.

<iowa/pfarms_fitness.png, id=27, 794.97pt x 614.50148pt>
File: iowa/pfarms_fitness.png Graphic file (type png)

<use iowa/pfarms_fitness.png>
Package pdftex.def Info: iowa/pfarms_fitness.png used on input line 423.
(pdftex.def)             Requested size: 211.38832pt x 163.39532pt.

<iowa/pfarms_crop_fitness.png, id=28, 794.97pt x 614.50148pt>
File: iowa/pfarms_crop_fitness.png Graphic file (type png)

<use iowa/pfarms_crop_fitness.png>
Package pdftex.def Info: iowa/pfarms_crop_fitness.png used on input line 428.
(pdftex.def)             Requested size: 211.38832pt x 163.39532pt.

<iowa/pfarms_crop_score.png, id=29, 794.97pt x 614.50148pt>
File: iowa/pfarms_crop_score.png Graphic file (type png)

<use iowa/pfarms_crop_score.png>
Package pdftex.def Info: iowa/pfarms_crop_score.png used on input line 432.
(pdftex.def)             Requested size: 211.38832pt x 163.39532pt.
 [5 <./iowa/pfarms.png (PNG copy)> <./iowa/pfarms_fitness.png (PNG copy)> <./io
wa/pfarms_crop_fitness.png (PNG copy)> <./iowa/pfarms_crop_score.png (PNG copy)
>]
<iowa/m_pfarms_actual_production.png, id=33, 794.97pt x 614.50148pt>
File: iowa/m_pfarms_actual_production.png Graphic file (type png)

<use iowa/m_pfarms_actual_production.png>
Package pdftex.def Info: iowa/m_pfarms_actual_production.png used on input line
 460.
(pdftex.def)             Requested size: 211.38832pt x 163.39532pt.

<iowa/pfarms_crop_residue.png, id=34, 794.97pt x 614.50148pt>
File: iowa/pfarms_crop_residue.png Graphic file (type png)

<use iowa/pfarms_crop_residue.png>
Package pdftex.def Info: iowa/pfarms_crop_residue.png used on input line 464.
(pdftex.def)             Requested size: 211.38832pt x 163.39532pt.

<iowa/farm_costs_nonirr_yield.png, id=35, 614.50148pt x 794.97pt>
File: iowa/farm_costs_nonirr_yield.png Graphic file (type png)

<use iowa/farm_costs_nonirr_yield.png>
Package pdftex.def Info: iowa/farm_costs_nonirr_yield.png used on input line 46
8.
(pdftex.def)             Requested size: 211.38832pt x 273.46436pt.

<iowa/farm_costs_destination.png, id=36, 614.50148pt x 794.97pt>
File: iowa/farm_costs_destination.png Graphic file (type png)

<use iowa/farm_costs_destination.png>
Package pdftex.def Info: iowa/farm_costs_destination.png used on input line 504
.
(pdftex.def)             Requested size: 211.38832pt x 273.46436pt.

Underfull \hbox (badness 3138) in paragraph at lines 504--504
[]\OT1/cmr/m/n/10.95 (a) Rep-re-sen-ta-tive Re-fin-ery lo-ca-tions and
 []

<iowa/farm_costs_travel.png, id=37, 614.50148pt x 794.97pt>
File: iowa/farm_costs_travel.png Graphic file (type png)

<use iowa/farm_costs_travel.png>
Package pdftex.def Info: iowa/farm_costs_travel.png used on input line 508.
(pdftex.def)             Requested size: 211.38832pt x 273.46436pt.

<inlsupplycurve2.png, id=38, 668.4975pt x 432.61626pt>
File: inlsupplycurve2.png Graphic file (type png)

<use inlsupplycurve2.png>
Package pdftex.def Info: inlsupplycurve2.png used on input line 524.
(pdftex.def)             Requested size: 469.75502pt x 304.01093pt.
 [6] <total.pdf, id=43, 289.08pt x 180.675pt>
File: total.pdf Graphic file (type pdf)

<use total.pdf>
Package pdftex.def Info: total.pdf used on input line 542.
(pdftex.def)             Requested size: 469.75502pt x 293.61267pt.
 <farmgate.pdf, id=44, 289.08pt x 180.675pt>
File: farmgate.pdf Graphic file (type pdf)
 <use farmgate.pdf>
Package pdftex.def Info: farmgate.pdf used on input line 549.
(pdftex.def)             Requested size: 469.75502pt x 293.61267pt.

<road_hist.pdf, id=45, 289.08pt x 180.675pt>
File: road_hist.pdf Graphic file (type pdf)
 <use road_hist.pdf>
Package pdftex.def Info: road_hist.pdf used on input line 556.
(pdftex.def)             Requested size: 469.75502pt x 293.61267pt.

<farm_costs_35dollar_divide.png, id=46, 614.50148pt x 794.97pt>
File: farm_costs_35dollar_divide.png Graphic file (type png)

<use farm_costs_35dollar_divide.png>
Package pdftex.def Info: farm_costs_35dollar_divide.png used on input line 569.

(pdftex.def)             Requested size: 469.75502pt x 607.73764pt.


LaTeX Warning: Float too large for page by 17.64513pt on input line 572.

No file inl-report.bbl.
[7 <./iowa/m_pfarms_actual_production.png (PNG copy)> <./iowa/pfarms_crop_resid
ue.png (PNG copy)> <./iowa/farm_costs_nonirr_yield.png (PNG copy)>] [8 <./iowa/
farm_costs_destination.png (PNG copy)> <./iowa/farm_costs_travel.png (PNG copy)
>] [9 <./inlsupplycurve2.png>] [10 <./total.pdf>] [11 <./farmgate.pdf>]
[12 <./road_hist.pdf>] [13 <./farm_costs_35dollar_divide.png (PNG copy)>]
(./inl-report.aux)

LaTeX Warning: There were multiply-defined labels.

 ) 
Here is how much of TeX's memory you used:
 5702 strings out of 495059
 74410 string characters out of 3182030
 172480 words of memory out of 3000000
 8767 multiletter control sequences out of 15000+200000
 12030 words of font info for 47 fonts, out of 3000000 for 9000
 14 hyphenation exceptions out of 8191
 38i,8n,38p,457b,326s stack positions out of 5000i,500n,10000p,200000b,50000s
</usr/share/texlive/texmf-dist/fonts/type1/public/amsfonts/cm/cmbx10.pfb></us
r/share/texlive/texmf-dist/fonts/type1/public/amsfonts/cm/cmbx12.pfb></usr/shar
e/texlive/texmf-dist/fonts/type1/public/amsfonts/cm/cmr10.pfb></usr/share/texli
ve/texmf-dist/fonts/type1/public/amsfonts/cm/cmr12.pfb></usr/share/texlive/texm
f-dist/fonts/type1/public/amsfonts/cm/cmr8.pfb></usr/share/texlive/texmf-dist/f
onts/type1/public/amsfonts/cm/cmsy10.pfb></usr/share/texlive/texmf-dist/fonts/t
ype1/public/amsfonts/cm/cmti10.pfb></usr/share/texlive/texmf-dist/fonts/type1/p
ublic/amsfonts/cm/cmti12.pfb>
Output written on inl-report.pdf (13 pages, 3493095 bytes).
PDF statistics:
 116 PDF objects out of 1000 (max. 8388607)
 71 compressed objects within 1 object stream
 0 named destinations out of 1000 (max. 500000)
 86 words of extra memory for PDF output out of 10000 (max. 10000000)

